<?xml version="1.0" encoding="UTF-8"?>
<!-- Generated by org.testng.reporters.JUnitXMLReporter -->
<testsuite ignored="0" hostname="Moinuddin" failures="0" tests="3" name="Smoke" time="15.781" errors="0" timestamp="2026-06-08T03:37:08 IST">
  <testcase classname="tests.LoginTest" name="verifyLogin" time="2.005"/>
  <testcase classname="tests.AddToCartTest" name="addProductToCart" time="0.909"/>
  <testcase classname="tests.CheckoutTest" name="verifyCheckout" time="0.893"/>
</testsuite> <!-- Smoke -->
