<?xml version="1.0" encoding="UTF-8"?>
<testng-results ignored="0" total="3" passed="3" failed="0" skipped="0">
  <reporter-output>
  </reporter-output>
  <suite started-at="2026-06-08T03:36:53 IST" name="AutomationSuite" finished-at="2026-06-08T03:37:08 IST" duration-ms="15781">
    <groups>
    </groups>
    <test started-at="2026-06-08T03:36:53 IST" name="Smoke" finished-at="2026-06-08T03:37:08 IST" duration-ms="15781">
      <class name="tests.LoginTest">
        <test-method is-config="true" signature="setup()[pri:0, instance:tests.LoginTest@f6c03cb]" started-at="2026-06-08T03:36:53 IST" name="setup" finished-at="2026-06-08T03:36:57 IST" duration-ms="3944" status="PASS">
          <reporter-output>
          </reporter-output>
        </test-method> <!-- setup -->
        <test-method signature="verifyLogin()[pri:0, instance:tests.LoginTest@f6c03cb]" started-at="2026-06-08T03:36:57 IST" name="verifyLogin" finished-at="2026-06-08T03:36:59 IST" duration-ms="2005" status="PASS">
          <reporter-output>
          </reporter-output>
        </test-method> <!-- verifyLogin -->
        <test-method is-config="true" signature="tearDown()[pri:0, instance:tests.LoginTest@f6c03cb]" started-at="2026-06-08T03:36:59 IST" name="tearDown" finished-at="2026-06-08T03:36:59 IST" duration-ms="367" status="PASS">
          <reporter-output>
          </reporter-output>
        </test-method> <!-- tearDown -->
      </class> <!-- tests.LoginTest -->
      <class name="tests.AddToCartTest">
        <test-method is-config="true" signature="setup()[pri:0, instance:tests.AddToCartTest@21005f6c]" started-at="2026-06-08T03:36:59 IST" name="setup" finished-at="2026-06-08T03:37:02 IST" duration-ms="3153" status="PASS">
          <reporter-output>
          </reporter-output>
        </test-method> <!-- setup -->
        <test-method signature="addProductToCart()[pri:0, instance:tests.AddToCartTest@21005f6c]" started-at="2026-06-08T03:37:02 IST" name="addProductToCart" finished-at="2026-06-08T03:37:03 IST" duration-ms="909" status="PASS">
          <reporter-output>
          </reporter-output>
        </test-method> <!-- addProductToCart -->
        <test-method is-config="true" signature="tearDown()[pri:0, instance:tests.AddToCartTest@21005f6c]" started-at="2026-06-08T03:37:03 IST" name="tearDown" finished-at="2026-06-08T03:37:04 IST" duration-ms="516" status="PASS">
          <reporter-output>
          </reporter-output>
        </test-method> <!-- tearDown -->
      </class> <!-- tests.AddToCartTest -->
      <class name="tests.CheckoutTest">
        <test-method is-config="true" signature="setup()[pri:0, instance:tests.CheckoutTest@32f0fba8]" started-at="2026-06-08T03:37:04 IST" name="setup" finished-at="2026-06-08T03:37:07 IST" duration-ms="3142" status="PASS">
          <reporter-output>
          </reporter-output>
        </test-method> <!-- setup -->
        <test-method signature="verifyCheckout()[pri:0, instance:tests.CheckoutTest@32f0fba8]" started-at="2026-06-08T03:37:07 IST" name="verifyCheckout" finished-at="2026-06-08T03:37:08 IST" duration-ms="893" status="PASS">
          <reporter-output>
          </reporter-output>
        </test-method> <!-- verifyCheckout -->
        <test-method is-config="true" signature="tearDown()[pri:0, instance:tests.CheckoutTest@32f0fba8]" started-at="2026-06-08T03:37:08 IST" name="tearDown" finished-at="2026-06-08T03:37:08 IST" duration-ms="413" status="PASS">
          <reporter-output>
          </reporter-output>
        </test-method> <!-- tearDown -->
      </class> <!-- tests.CheckoutTest -->
    </test> <!-- Smoke -->
  </suite> <!-- AutomationSuite -->
</testng-results>
